0 info it worked if it ends with ok
1 verbose cli [ 'F:\\Nodejs6.10.2\\node.exe',
1 verbose cli   'F:\\Nodejs6.10.2\\node_modules\\npm\\bin\\npm-cli.js',
1 verbose cli   'start' ]
2 info using npm@3.10.10
3 info using node@v6.10.2
4 verbose run-script [ 'prestart', 'start', 'poststart' ]
5 info lifecycle lumm-be@1.0.0~prestart: lumm-be@1.0.0
6 silly lifecycle lumm-be@1.0.0~prestart: no script for prestart, continuing
7 info lifecycle lumm-be@1.0.0~start: lumm-be@1.0.0
8 verbose lifecycle lumm-be@1.0.0~start: unsafe-perm in lifecycle true
9 verbose lifecycle lumm-be@1.0.0~start: PATH: F:\Nodejs6.10.2\node_modules\npm\bin\node-gyp-bin;E:\Weixin Projects\lumm-be\node_modules\.bin;E:\Python35\Scripts\;E:\Python35\;C:\Program Files\Broadcom\Broadcom 802.11 Network Adapter;C:\Program Files (x86)\Intel\iCLS Client\;C:\Program Files\Intel\iCLS Client\;C:\Program Files (x86)\NVIDIA Corporation\PhysX\Common;C:\WINDOWS\system32;C:\WINDOWS;C:\WINDOWS\System32\Wbem;C:\WINDOWS\System32\WindowsPowerShell\v1.0\;C:\Program Files (x86)\Intel\OpenCL SDK\2.0\bin\x86;C:\Program Files (x86)\Intel\OpenCL SDK\2.0\bin\x64;C:\Program Files\Intel\Intel(R) Management Engine Components\DAL;C:\Program Files\Intel\Intel(R) Management Engine Components\IPT;C:\Program Files (x86)\Intel\Intel(R) Management Engine Components\DAL;C:\Program Files (x86)\Intel\Intel(R) Management Engine Components\IPT;C:\Program Files\WIDCOMM\Bluetooth Software\;C:\Program Files\WIDCOMM\Bluetooth Software\syswow64;C:\Program Files (x86)\Microsoft SQL Server\100\Tools\Binn\;C:\Program Files\Microsoft SQL Server\100\Tools\Binn\;C:\Program Files\Microsoft SQL Server\100\DTS\Binn\;C:\Program Files (x86)\Microsoft SQL Server\100\Tools\Binn\VSShell\Common7\IDE\;C:\Program Files (x86)\Microsoft Visual Studio 9.0\Common7\IDE\PrivateAssemblies\;C:\Program Files (x86)\Microsoft SQL Server\100\DTS\Binn\;F:\Git\Git\cmd;E:\Python35;E:\sbt\bin;E:\scala\bin;E:\MatlabR2014\R2014b\runtime\win64;E:\MatlabR2014\R2014b\bin;E:\MatlabR2014\R2014b\polyspace\bin;F:\Scala\bin;E:\WAMP\wamp\bin\php\php5.5.12;C:\ProgramData\ComposerSetup\bin;F:\Nodejs6.10.2\;F:\EgretWing\Egret Wing 3\bin;E:\java\jdk1.7.0\bin;E:\java\jdk1.7.0\jre\bin;C:\Users\Panjf\AppData\Roaming\Composer\vendor\bin;C:\Users\Panjf\AppData\Roaming\npm
10 verbose lifecycle lumm-be@1.0.0~start: CWD: E:\Weixin Projects\lumm-be
11 silly lifecycle lumm-be@1.0.0~start: Args: [ '/d /s /c', 'node --harmony app' ]
12 silly lifecycle lumm-be@1.0.0~start: Returned: code: 1  signal: null
13 info lifecycle lumm-be@1.0.0~start: Failed to exec start script
14 verbose stack Error: lumm-be@1.0.0 start: `node --harmony app`
14 verbose stack Exit status 1
14 verbose stack     at EventEmitter.<anonymous> (F:\Nodejs6.10.2\node_modules\npm\lib\utils\lifecycle.js:255:16)
14 verbose stack     at emitTwo (events.js:106:13)
14 verbose stack     at EventEmitter.emit (events.js:191:7)
14 verbose stack     at ChildProcess.<anonymous> (F:\Nodejs6.10.2\node_modules\npm\lib\utils\spawn.js:40:14)
14 verbose stack     at emitTwo (events.js:106:13)
14 verbose stack     at ChildProcess.emit (events.js:191:7)
14 verbose stack     at maybeClose (internal/child_process.js:886:16)
14 verbose stack     at Process.ChildProcess._handle.onexit (internal/child_process.js:226:5)
15 verbose pkgid lumm-be@1.0.0
16 verbose cwd E:\Weixin Projects\lumm-be
17 error Windows_NT 6.2.9200
18 error argv "F:\\Nodejs6.10.2\\node.exe" "F:\\Nodejs6.10.2\\node_modules\\npm\\bin\\npm-cli.js" "start"
19 error node v6.10.2
20 error npm  v3.10.10
21 error code ELIFECYCLE
22 error lumm-be@1.0.0 start: `node --harmony app`
22 error Exit status 1
23 error Failed at the lumm-be@1.0.0 start script 'node --harmony app'.
23 error Make sure you have the latest version of node.js and npm installed.
23 error If you do, this is most likely a problem with the lumm-be package,
23 error not with npm itself.
23 error Tell the author that this fails on your system:
23 error     node --harmony app
23 error You can get information on how to open an issue for this project with:
23 error     npm bugs lumm-be
23 error Or if that isn't available, you can get their info via:
23 error     npm owner ls lumm-be
23 error There is likely additional logging output above.
24 verbose exit [ 1, true ]
